<?xml version="1.0" encoding="UTF-8"?>
<testng-results skipped="0" failed="0" ignored="0" total="1" passed="1">
  <reporter-output>
  </reporter-output>
  <suite name="Default suite" duration-ms="38" started-at="2018-08-02T03:14:20Z" finished-at="2018-08-02T03:14:20Z">
    <groups>
    </groups>
    <test name="Default test" duration-ms="38" started-at="2018-08-02T03:14:20Z" finished-at="2018-08-02T03:14:20Z">
      <class name="TestSuite">
        <test-method status="PASS" signature="beforeSuite()[pri:0, instance:TestSuite@3e2e18f2]" name="beforeSuite" is-config="true" duration-ms="14" started-at="2018-08-02T03:14:20Z" finished-at="2018-08-02T03:14:20Z">
          <reporter-output>
          </reporter-output>
        </test-method> <!-- beforeSuite -->
        <test-method status="PASS" signature="TestAdd()[pri:0, instance:TestSuite@3e2e18f2]" name="TestAdd" duration-ms="12" started-at="2018-08-02T03:14:20Z" finished-at="2018-08-02T03:14:20Z">
          <reporter-output>
          </reporter-output>
        </test-method> <!-- TestAdd -->
      </class> <!-- TestSuite -->
    </test> <!-- Default test -->
  </suite> <!-- Default suite -->
</testng-results>
